[2018-11-28 15:22:59] [ERROR] [com.alibaba.druid.wall.WallFilter:791] -- sql injection violation, syntax error: ERROR. pos 221, line 5, column 36, token LIKE : SELECT COUNT(1) FROM ( SELECT su1.*
        FROM sys_user su1 LEFT JOIN sys_user su2 ON su1.master_user_id = su2.id
        WHERE su1.status = 1 AND su1.user_type IN (1,2)
         
            AND su1.user_name LIKE LIKE '%'?'%' ) TOTAL
[2018-11-28 15:22:59] [ERROR] [com.baomidou.mybatisplus.plugins.PaginationInterceptor:176] -- Error: Method queryTotal execution error !
java.sql.SQLException: sql injection violation, syntax error: ERROR. pos 221, line 5, column 36, token LIKE : SELECT COUNT(1) FROM ( SELECT su1.*
        FROM sys_user su1 LEFT JOIN sys_user su2 ON su1.master_user_id = su2.id
        WHERE su1.status = 1 AND su1.user_type IN (1,2)
         
            AND su1.user_name LIKE LIKE '%'?'%' ) TOTAL
	at com.alibaba.druid.wall.WallFilter.checkInternal(WallFilter.java:798)
	at com.alibaba.druid.wall.WallFilter.connection_prepareStatement(WallFilter.java:251)
	at com.alibaba.druid.filter.FilterChainImpl.connection_prepareStatement(FilterChainImpl.java:473)
	at com.alibaba.druid.filter.FilterAdapter.connection_prepareStatement(FilterAdapter.java:929)
	at com.alibaba.druid.filter.FilterEventAdapter.connection_prepareStatement(FilterEventAdapter.java:122)
	at com.alibaba.druid.filter.FilterChainImpl.connection_prepareStatement(FilterChainImpl.java:473)
	at com.alibaba.druid.proxy.jdbc.ConnectionProxyImpl.prepareStatement(ConnectionProxyImpl.java:342)
	at com.alibaba.druid.pool.DruidPooledConnection.prepareStatement(DruidPooledConnection.java:349)
	at sun.reflect.NativeMethodAccessorImpl.invoke0(Native Method)
	at sun.reflect.NativeMethodAccessorImpl.invoke(NativeMethodAccessorImpl.java:62)
	at sun.reflect.DelegatingMethodAccessorImpl.invoke(DelegatingMethodAccessorImpl.java:43)
	at java.lang.reflect.Method.invoke(Method.java:498)
	at org.apache.ibatis.logging.jdbc.ConnectionLogger.invoke(ConnectionLogger.java:55)
	at com.sun.proxy.$Proxy96.prepareStatement(Unknown Source)
	at com.baomidou.mybatisplus.plugins.PaginationInterceptor.queryTotal(PaginationInterceptor.java:157)
	at com.baomidou.mybatisplus.plugins.PaginationInterceptor.intercept(PaginationInterceptor.java:126)
	at org.apache.ibatis.plugin.Plugin.invoke(Plugin.java:61)
	at com.sun.proxy.$Proxy95.prepare(Unknown Source)
	at org.apache.ibatis.executor.SimpleExecutor.prepareStatement(SimpleExecutor.java:85)
	at org.apache.ibatis.executor.SimpleExecutor.doQuery(SimpleExecutor.java:62)
	at org.apache.ibatis.executor.BaseExecutor.queryFromDatabase(BaseExecutor.java:324)
	at org.apache.ibatis.executor.BaseExecutor.query(BaseExecutor.java:156)
	at org.apache.ibatis.executor.BaseExecutor.query(BaseExecutor.java:136)
	at org.apache.ibatis.session.defaults.DefaultSqlSession.selectList(DefaultSqlSession.java:148)
	at sun.reflect.NativeMethodAccessorImpl.invoke0(Native Method)
	at sun.reflect.NativeMethodAccessorImpl.invoke(NativeMethodAccessorImpl.java:62)
	at sun.reflect.DelegatingMethodAccessorImpl.invoke(DelegatingMethodAccessorImpl.java:43)
	at java.lang.reflect.Method.invoke(Method.java:498)
	at org.mybatis.spring.SqlSessionTemplate$SqlSessionInterceptor.invoke(SqlSessionTemplate.java:433)
	at com.sun.proxy.$Proxy90.selectList(Unknown Source)
	at org.mybatis.spring.SqlSessionTemplate.selectList(SqlSessionTemplate.java:238)
	at org.apache.ibatis.binding.MapperMethod.executeForMany(MapperMethod.java:135)
	at org.apache.ibatis.binding.MapperMethod.execute(MapperMethod.java:75)
	at org.apache.ibatis.binding.MapperProxy.invoke(MapperProxy.java:59)
	at com.sun.proxy.$Proxy127.SelectAllUserListByPage(Unknown Source)
	at com.medhead.kf100.mapper.SysUserMapperTest.selectAllUserListByPage(SysUserMapperTest.java:30)
	at sun.reflect.NativeMethodAccessorImpl.invoke0(Native Method)
	at sun.reflect.NativeMethodAccessorImpl.invoke(NativeMethodAccessorImpl.java:62)
	at sun.reflect.DelegatingMethodAccessorImpl.invoke(DelegatingMethodAccessorImpl.java:43)
	at java.lang.reflect.Method.invoke(Method.java:498)
	at org.junit.runners.model.FrameworkMethod$1.runReflectiveCall(FrameworkMethod.java:50)
	at org.junit.internal.runners.model.ReflectiveCallable.run(ReflectiveCallable.java:12)
	at org.junit.runners.model.FrameworkMethod.invokeExplosively(FrameworkMethod.java:47)
	at org.junit.internal.runners.statements.InvokeMethod.evaluate(InvokeMethod.java:17)
	at org.springframework.test.context.junit4.statements.RunBeforeTestMethodCallbacks.evaluate(RunBeforeTestMethodCallbacks.java:75)
	at org.springframework.test.context.junit4.statements.RunAfterTestMethodCallbacks.evaluate(RunAfterTestMethodCallbacks.java:86)
	at org.springframework.test.context.junit4.statements.SpringRepeat.evaluate(SpringRepeat.java:84)
	at org.junit.runners.ParentRunner.runLeaf(ParentRunner.java:325)
	at org.springframework.test.context.junit4.SpringJUnit4ClassRunner.runChild(SpringJUnit4ClassRunner.java:252)
	at org.springframework.test.context.junit4.SpringJUnit4ClassRunner.runChild(SpringJUnit4ClassRunner.java:94)
	at org.junit.runners.ParentRunner$3.run(ParentRunner.java:290)
	at org.junit.runners.ParentRunner$1.schedule(ParentRunner.java:71)
	at org.junit.runners.ParentRunner.runChildren(ParentRunner.java:288)
	at org.junit.runners.ParentRunner.access$000(ParentRunner.java:58)
	at org.junit.runners.ParentRunner$2.evaluate(ParentRunner.java:268)
	at org.springframework.test.context.junit4.statements.RunBeforeTestClassCallbacks.evaluate(RunBeforeTestClassCallbacks.java:61)
	at org.springframework.test.context.junit4.statements.RunAfterTestClassCallbacks.evaluate(RunAfterTestClassCallbacks.java:70)
	at org.junit.runners.ParentRunner.run(ParentRunner.java:363)
	at org.springframework.test.context.junit4.SpringJUnit4ClassRunner.run(SpringJUnit4ClassRunner.java:191)
	at org.junit.runner.JUnitCore.run(JUnitCore.java:137)
	at com.intellij.junit4.JUnit4IdeaTestRunner.startRunnerWithArgs(JUnit4IdeaTestRunner.java:68)
	at com.intellij.rt.execution.junit.IdeaTestRunner$Repeater.startRunnerWithArgs(IdeaTestRunner.java:47)
	at com.intellij.rt.execution.junit.JUnitStarter.prepareStreamsAndStart(JUnitStarter.java:242)
	at com.intellij.rt.execution.junit.JUnitStarter.main(JUnitStarter.java:70)
Caused by: com.alibaba.druid.sql.parser.ParserException: ERROR. pos 221, line 5, column 36, token LIKE
	at com.alibaba.druid.sql.parser.SQLExprParser.primary(SQLExprParser.java:787)
	at com.alibaba.druid.sql.dialect.mysql.parser.MySqlExprParser.primary(MySqlExprParser.java:185)
	at com.alibaba.druid.sql.parser.SQLExprParser.bitXor(SQLExprParser.java:118)
	at com.alibaba.druid.sql.parser.SQLExprParser.multiplicative(SQLExprParser.java:205)
	at com.alibaba.druid.sql.parser.SQLExprParser.additive(SQLExprParser.java:1825)
	at com.alibaba.druid.sql.parser.SQLExprParser.shift(SQLExprParser.java:1855)
	at com.alibaba.druid.sql.parser.SQLExprParser.bitAnd(SQLExprParser.java:1635)
	at com.alibaba.druid.sql.parser.SQLExprParser.bitOr(SQLExprParser.java:1649)
	at com.alibaba.druid.sql.parser.SQLExprParser.relationalRest(SQLExprParser.java:2081)
	at com.alibaba.druid.sql.parser.SQLExprParser.relational(SQLExprParser.java:2007)
	at com.alibaba.druid.sql.parser.SQLExprParser.andRest(SQLExprParser.java:1907)
	at com.alibaba.druid.sql.parser.SQLSelectParser.parseWhere(SQLSelectParser.java:354)
	at com.alibaba.druid.sql.dialect.mysql.parser.MySqlSelectParser.query(MySqlSelectParser.java:176)
	at com.alibaba.druid.sql.parser.SQLSelectParser.select(SQLSelectParser.java:59)
	at com.alibaba.druid.sql.dialect.mysql.parser.MySqlSelectParser.parseTableSource(MySqlSelectParser.java:227)
	at com.alibaba.druid.sql.dialect.mysql.parser.MySqlSelectParser.parseFrom(MySqlSelectParser.java:75)
	at com.alibaba.druid.sql.dialect.mysql.parser.MySqlSelectParser.query(MySqlSelectParser.java:174)
	at com.alibaba.druid.sql.parser.SQLSelectParser.select(SQLSelectParser.java:59)
	at com.alibaba.druid.sql.dialect.mysql.parser.MySqlStatementParser.parseSelect(MySqlStatementParser.java:114)
	at com.alibaba.druid.sql.parser.SQLStatementParser.parseStatementList(SQLStatementParser.java:147)
	at com.alibaba.druid.sql.parser.SQLStatementParser.parseStatementList(SQLStatementParser.java:81)
	at com.alibaba.druid.wall.WallProvider.checkInternal(WallProvider.java:624)
	at com.alibaba.druid.wall.WallProvider.check(WallProvider.java:578)
	at com.alibaba.druid.wall.WallFilter.checkInternal(WallFilter.java:785)
	... 63 common frames omitted
[2018-11-28 15:22:59] [ERROR] [com.alibaba.druid.wall.WallFilter:791] -- sql injection violation, syntax error: ERROR. pos 198, line 5, column 36, token LIKE : SELECT su1.*
        FROM sys_user su1 LEFT JOIN sys_user su2 ON su1.master_user_id = su2.id
        WHERE su1.status = 1 AND su1.user_type IN (1,2)
         
            AND su1.user_name LIKE LIKE '%'?'%'
[2018-11-28 15:25:00] [ERROR] [com.alibaba.druid.wall.WallFilter:791] -- sql injection violation, syntax error: ERROR. pos 221, line 5, column 36, token LIKE : SELECT COUNT(1) FROM ( SELECT su1.*
        FROM sys_user su1 LEFT JOIN sys_user su2 ON su1.master_user_id = su2.id
        WHERE su1.status = 1 AND su1.user_type IN (1,2)
         
            AND su1.user_name LIKE LIKE '%?%' ) TOTAL
[2018-11-28 15:25:00] [ERROR] [com.baomidou.mybatisplus.plugins.PaginationInterceptor:176] -- Error: Method queryTotal execution error !
java.sql.SQLException: sql injection violation, syntax error: ERROR. pos 221, line 5, column 36, token LIKE : SELECT COUNT(1) FROM ( SELECT su1.*
        FROM sys_user su1 LEFT JOIN sys_user su2 ON su1.master_user_id = su2.id
        WHERE su1.status = 1 AND su1.user_type IN (1,2)
         
            AND su1.user_name LIKE LIKE '%?%' ) TOTAL
	at com.alibaba.druid.wall.WallFilter.checkInternal(WallFilter.java:798)
	at com.alibaba.druid.wall.WallFilter.connection_prepareStatement(WallFilter.java:251)
	at com.alibaba.druid.filter.FilterChainImpl.connection_prepareStatement(FilterChainImpl.java:473)
	at com.alibaba.druid.filter.FilterAdapter.connection_prepareStatement(FilterAdapter.java:929)
	at com.alibaba.druid.filter.FilterEventAdapter.connection_prepareStatement(FilterEventAdapter.java:122)
	at com.alibaba.druid.filter.FilterChainImpl.connection_prepareStatement(FilterChainImpl.java:473)
	at com.alibaba.druid.filter.FilterAdapter.connection_prepareStatement(FilterAdapter.java:929)
	at com.alibaba.druid.filter.FilterEventAdapter.connection_prepareStatement(FilterEventAdapter.java:122)
	at com.alibaba.druid.filter.FilterChainImpl.connection_prepareStatement(FilterChainImpl.java:473)
	at com.alibaba.druid.proxy.jdbc.ConnectionProxyImpl.prepareStatement(ConnectionProxyImpl.java:342)
	at com.alibaba.druid.pool.DruidPooledConnection.prepareStatement(DruidPooledConnection.java:349)
	at sun.reflect.NativeMethodAccessorImpl.invoke0(Native Method)
	at sun.reflect.NativeMethodAccessorImpl.invoke(NativeMethodAccessorImpl.java:62)
	at sun.reflect.DelegatingMethodAccessorImpl.invoke(DelegatingMethodAccessorImpl.java:43)
	at java.lang.reflect.Method.invoke(Method.java:498)
	at org.apache.ibatis.logging.jdbc.ConnectionLogger.invoke(ConnectionLogger.java:55)
	at com.sun.proxy.$Proxy96.prepareStatement(Unknown Source)
	at com.baomidou.mybatisplus.plugins.PaginationInterceptor.queryTotal(PaginationInterceptor.java:157)
	at com.baomidou.mybatisplus.plugins.PaginationInterceptor.intercept(PaginationInterceptor.java:126)
	at org.apache.ibatis.plugin.Plugin.invoke(Plugin.java:61)
	at com.sun.proxy.$Proxy95.prepare(Unknown Source)
	at org.apache.ibatis.executor.SimpleExecutor.prepareStatement(SimpleExecutor.java:85)
	at org.apache.ibatis.executor.SimpleExecutor.doQuery(SimpleExecutor.java:62)
	at org.apache.ibatis.executor.BaseExecutor.queryFromDatabase(BaseExecutor.java:324)
	at org.apache.ibatis.executor.BaseExecutor.query(BaseExecutor.java:156)
	at org.apache.ibatis.executor.BaseExecutor.query(BaseExecutor.java:136)
	at org.apache.ibatis.session.defaults.DefaultSqlSession.selectList(DefaultSqlSession.java:148)
	at sun.reflect.NativeMethodAccessorImpl.invoke0(Native Method)
	at sun.reflect.NativeMethodAccessorImpl.invoke(NativeMethodAccessorImpl.java:62)
	at sun.reflect.DelegatingMethodAccessorImpl.invoke(DelegatingMethodAccessorImpl.java:43)
	at java.lang.reflect.Method.invoke(Method.java:498)
	at org.mybatis.spring.SqlSessionTemplate$SqlSessionInterceptor.invoke(SqlSessionTemplate.java:433)
	at com.sun.proxy.$Proxy90.selectList(Unknown Source)
	at org.mybatis.spring.SqlSessionTemplate.selectList(SqlSessionTemplate.java:238)
	at org.apache.ibatis.binding.MapperMethod.executeForMany(MapperMethod.java:135)
	at org.apache.ibatis.binding.MapperMethod.execute(MapperMethod.java:75)
	at org.apache.ibatis.binding.MapperProxy.invoke(MapperProxy.java:59)
	at com.sun.proxy.$Proxy127.SelectAllUserListByPage(Unknown Source)
	at com.medhead.kf100.mapper.SysUserMapperTest.selectAllUserListByPage(SysUserMapperTest.java:30)
	at sun.reflect.NativeMethodAccessorImpl.invoke0(Native Method)
	at sun.reflect.NativeMethodAccessorImpl.invoke(NativeMethodAccessorImpl.java:62)
	at sun.reflect.DelegatingMethodAccessorImpl.invoke(DelegatingMethodAccessorImpl.java:43)
	at java.lang.reflect.Method.invoke(Method.java:498)
	at org.junit.runners.model.FrameworkMethod$1.runReflectiveCall(FrameworkMethod.java:50)
	at org.junit.internal.runners.model.ReflectiveCallable.run(ReflectiveCallable.java:12)
	at org.junit.runners.model.FrameworkMethod.invokeExplosively(FrameworkMethod.java:47)
	at org.junit.internal.runners.statements.InvokeMethod.evaluate(InvokeMethod.java:17)
	at org.springframework.test.context.junit4.statements.RunBeforeTestMethodCallbacks.evaluate(RunBeforeTestMethodCallbacks.java:75)
	at org.springframework.test.context.junit4.statements.RunAfterTestMethodCallbacks.evaluate(RunAfterTestMethodCallbacks.java:86)
	at org.springframework.test.context.junit4.statements.SpringRepeat.evaluate(SpringRepeat.java:84)
	at org.junit.runners.ParentRunner.runLeaf(ParentRunner.java:325)
	at org.springframework.test.context.junit4.SpringJUnit4ClassRunner.runChild(SpringJUnit4ClassRunner.java:252)
	at org.springframework.test.context.junit4.SpringJUnit4ClassRunner.runChild(SpringJUnit4ClassRunner.java:94)
	at org.junit.runners.ParentRunner$3.run(ParentRunner.java:290)
	at org.junit.runners.ParentRunner$1.schedule(ParentRunner.java:71)
	at org.junit.runners.ParentRunner.runChildren(ParentRunner.java:288)
	at org.junit.runners.ParentRunner.access$000(ParentRunner.java:58)
	at org.junit.runners.ParentRunner$2.evaluate(ParentRunner.java:268)
	at org.springframework.test.context.junit4.statements.RunBeforeTestClassCallbacks.evaluate(RunBeforeTestClassCallbacks.java:61)
	at org.springframework.test.context.junit4.statements.RunAfterTestClassCallbacks.evaluate(RunAfterTestClassCallbacks.java:70)
	at org.junit.runners.ParentRunner.run(ParentRunner.java:363)
	at org.springframework.test.context.junit4.SpringJUnit4ClassRunner.run(SpringJUnit4ClassRunner.java:191)
	at org.junit.runner.JUnitCore.run(JUnitCore.java:137)
	at com.intellij.junit4.JUnit4IdeaTestRunner.startRunnerWithArgs(JUnit4IdeaTestRunner.java:68)
	at com.intellij.rt.execution.junit.IdeaTestRunner$Repeater.startRunnerWithArgs(IdeaTestRunner.java:47)
	at com.intellij.rt.execution.junit.JUnitStarter.prepareStreamsAndStart(JUnitStarter.java:242)
	at com.intellij.rt.execution.junit.JUnitStarter.main(JUnitStarter.java:70)
Caused by: com.alibaba.druid.sql.parser.ParserException: ERROR. pos 221, line 5, column 36, token LIKE
	at com.alibaba.druid.sql.parser.SQLExprParser.primary(SQLExprParser.java:787)
	at com.alibaba.druid.sql.dialect.mysql.parser.MySqlExprParser.primary(MySqlExprParser.java:185)
	at com.alibaba.druid.sql.parser.SQLExprParser.bitXor(SQLExprParser.java:118)
	at com.alibaba.druid.sql.parser.SQLExprParser.multiplicative(SQLExprParser.java:205)
	at com.alibaba.druid.sql.parser.SQLExprParser.additive(SQLExprParser.java:1825)
	at com.alibaba.druid.sql.parser.SQLExprParser.shift(SQLExprParser.java:1855)
	at com.alibaba.druid.sql.parser.SQLExprParser.bitAnd(SQLExprParser.java:1635)
	at com.alibaba.druid.sql.parser.SQLExprParser.bitOr(SQLExprParser.java:1649)
	at com.alibaba.druid.sql.parser.SQLExprParser.relationalRest(SQLExprParser.java:2081)
	at com.alibaba.druid.sql.parser.SQLExprParser.relational(SQLExprParser.java:2007)
	at com.alibaba.druid.sql.parser.SQLExprParser.andRest(SQLExprParser.java:1907)
	at com.alibaba.druid.sql.parser.SQLSelectParser.parseWhere(SQLSelectParser.java:354)
	at com.alibaba.druid.sql.dialect.mysql.parser.MySqlSelectParser.query(MySqlSelectParser.java:176)
	at com.alibaba.druid.sql.parser.SQLSelectParser.select(SQLSelectParser.java:59)
	at com.alibaba.druid.sql.dialect.mysql.parser.MySqlSelectParser.parseTableSource(MySqlSelectParser.java:227)
	at com.alibaba.druid.sql.dialect.mysql.parser.MySqlSelectParser.parseFrom(MySqlSelectParser.java:75)
	at com.alibaba.druid.sql.dialect.mysql.parser.MySqlSelectParser.query(MySqlSelectParser.java:174)
	at com.alibaba.druid.sql.parser.SQLSelectParser.select(SQLSelectParser.java:59)
	at com.alibaba.druid.sql.dialect.mysql.parser.MySqlStatementParser.parseSelect(MySqlStatementParser.java:114)
	at com.alibaba.druid.sql.parser.SQLStatementParser.parseStatementList(SQLStatementParser.java:147)
	at com.alibaba.druid.sql.parser.SQLStatementParser.parseStatementList(SQLStatementParser.java:81)
	at com.alibaba.druid.wall.WallProvider.checkInternal(WallProvider.java:624)
	at com.alibaba.druid.wall.WallProvider.check(WallProvider.java:578)
	at com.alibaba.druid.wall.WallFilter.checkInternal(WallFilter.java:785)
	... 66 common frames omitted
[2018-11-28 15:25:00] [ERROR] [com.alibaba.druid.wall.WallFilter:791] -- sql injection violation, syntax error: ERROR. pos 198, line 5, column 36, token LIKE : SELECT su1.*
        FROM sys_user su1 LEFT JOIN sys_user su2 ON su1.master_user_id = su2.id
        WHERE su1.status = 1 AND su1.user_type IN (1,2)
         
            AND su1.user_name LIKE LIKE '%?%'
[2018-11-28 15:26:53] [ERROR] [com.alibaba.druid.wall.WallFilter:791] -- sql injection violation, syntax error: syntax error, error in :'E '%'黄主任'%' ) TOTAL', expect RPAREN, actual IDENTIFIER pos 223, line 5, column 40, token IDENTIFIER 黄主任 : SELECT COUNT(1) FROM ( SELECT su1.*
        FROM sys_user su1 LEFT JOIN sys_user su2 ON su1.master_user_id = su2.id
        WHERE su1.status = 1 AND su1.user_type IN (1,2)
         
            AND su1.user_name LIKE '%'黄主任'%' ) TOTAL
[2018-11-28 15:26:53] [ERROR] [com.baomidou.mybatisplus.plugins.PaginationInterceptor:176] -- Error: Method queryTotal execution error !
java.sql.SQLException: sql injection violation, syntax error: syntax error, error in :'E '%'黄主任'%' ) TOTAL', expect RPAREN, actual IDENTIFIER pos 223, line 5, column 40, token IDENTIFIER 黄主任 : SELECT COUNT(1) FROM ( SELECT su1.*
        FROM sys_user su1 LEFT JOIN sys_user su2 ON su1.master_user_id = su2.id
        WHERE su1.status = 1 AND su1.user_type IN (1,2)
         
            AND su1.user_name LIKE '%'黄主任'%' ) TOTAL
	at com.alibaba.druid.wall.WallFilter.checkInternal(WallFilter.java:798)
	at com.alibaba.druid.wall.WallFilter.connection_prepareStatement(WallFilter.java:251)
	at com.alibaba.druid.filter.FilterChainImpl.connection_prepareStatement(FilterChainImpl.java:473)
	at com.alibaba.druid.filter.FilterAdapter.connection_prepareStatement(FilterAdapter.java:929)
	at com.alibaba.druid.filter.FilterEventAdapter.connection_prepareStatement(FilterEventAdapter.java:122)
	at com.alibaba.druid.filter.FilterChainImpl.connection_prepareStatement(FilterChainImpl.java:473)
	at com.alibaba.druid.proxy.jdbc.ConnectionProxyImpl.prepareStatement(ConnectionProxyImpl.java:342)
	at com.alibaba.druid.pool.DruidPooledConnection.prepareStatement(DruidPooledConnection.java:349)
	at sun.reflect.NativeMethodAccessorImpl.invoke0(Native Method)
	at sun.reflect.NativeMethodAccessorImpl.invoke(NativeMethodAccessorImpl.java:62)
	at sun.reflect.DelegatingMethodAccessorImpl.invoke(DelegatingMethodAccessorImpl.java:43)
	at java.lang.reflect.Method.invoke(Method.java:498)
	at org.apache.ibatis.logging.jdbc.ConnectionLogger.invoke(ConnectionLogger.java:55)
	at com.sun.proxy.$Proxy96.prepareStatement(Unknown Source)
	at com.baomidou.mybatisplus.plugins.PaginationInterceptor.queryTotal(PaginationInterceptor.java:157)
	at com.baomidou.mybatisplus.plugins.PaginationInterceptor.intercept(PaginationInterceptor.java:126)
	at org.apache.ibatis.plugin.Plugin.invoke(Plugin.java:61)
	at com.sun.proxy.$Proxy95.prepare(Unknown Source)
	at org.apache.ibatis.executor.SimpleExecutor.prepareStatement(SimpleExecutor.java:85)
	at org.apache.ibatis.executor.SimpleExecutor.doQuery(SimpleExecutor.java:62)
	at org.apache.ibatis.executor.BaseExecutor.queryFromDatabase(BaseExecutor.java:324)
	at org.apache.ibatis.executor.BaseExecutor.query(BaseExecutor.java:156)
	at org.apache.ibatis.executor.BaseExecutor.query(BaseExecutor.java:136)
	at org.apache.ibatis.session.defaults.DefaultSqlSession.selectList(DefaultSqlSession.java:148)
	at sun.reflect.NativeMethodAccessorImpl.invoke0(Native Method)
	at sun.reflect.NativeMethodAccessorImpl.invoke(NativeMethodAccessorImpl.java:62)
	at sun.reflect.DelegatingMethodAccessorImpl.invoke(DelegatingMethodAccessorImpl.java:43)
	at java.lang.reflect.Method.invoke(Method.java:498)
	at org.mybatis.spring.SqlSessionTemplate$SqlSessionInterceptor.invoke(SqlSessionTemplate.java:433)
	at com.sun.proxy.$Proxy90.selectList(Unknown Source)
	at org.mybatis.spring.SqlSessionTemplate.selectList(SqlSessionTemplate.java:238)
	at org.apache.ibatis.binding.MapperMethod.executeForMany(MapperMethod.java:135)
	at org.apache.ibatis.binding.MapperMethod.execute(MapperMethod.java:75)
	at org.apache.ibatis.binding.MapperProxy.invoke(MapperProxy.java:59)
	at com.sun.proxy.$Proxy127.SelectAllUserListByPage(Unknown Source)
	at com.medhead.kf100.mapper.SysUserMapperTest.selectAllUserListByPage(SysUserMapperTest.java:30)
	at sun.reflect.NativeMethodAccessorImpl.invoke0(Native Method)
	at sun.reflect.NativeMethodAccessorImpl.invoke(NativeMethodAccessorImpl.java:62)
	at sun.reflect.DelegatingMethodAccessorImpl.invoke(DelegatingMethodAccessorImpl.java:43)
	at java.lang.reflect.Method.invoke(Method.java:498)
	at org.junit.runners.model.FrameworkMethod$1.runReflectiveCall(FrameworkMethod.java:50)
	at org.junit.internal.runners.model.ReflectiveCallable.run(ReflectiveCallable.java:12)
	at org.junit.runners.model.FrameworkMethod.invokeExplosively(FrameworkMethod.java:47)
	at org.junit.internal.runners.statements.InvokeMethod.evaluate(InvokeMethod.java:17)
	at org.springframework.test.context.junit4.statements.RunBeforeTestMethodCallbacks.evaluate(RunBeforeTestMethodCallbacks.java:75)
	at org.springframework.test.context.junit4.statements.RunAfterTestMethodCallbacks.evaluate(RunAfterTestMethodCallbacks.java:86)
	at org.springframework.test.context.junit4.statements.SpringRepeat.evaluate(SpringRepeat.java:84)
	at org.junit.runners.ParentRunner.runLeaf(ParentRunner.java:325)
	at org.springframework.test.context.junit4.SpringJUnit4ClassRunner.runChild(SpringJUnit4ClassRunner.java:252)
	at org.springframework.test.context.junit4.SpringJUnit4ClassRunner.runChild(SpringJUnit4ClassRunner.java:94)
	at org.junit.runners.ParentRunner$3.run(ParentRunner.java:290)
	at org.junit.runners.ParentRunner$1.schedule(ParentRunner.java:71)
	at org.junit.runners.ParentRunner.runChildren(ParentRunner.java:288)
	at org.junit.runners.ParentRunner.access$000(ParentRunner.java:58)
	at org.junit.runners.ParentRunner$2.evaluate(ParentRunner.java:268)
	at org.springframework.test.context.junit4.statements.RunBeforeTestClassCallbacks.evaluate(RunBeforeTestClassCallbacks.java:61)
	at org.springframework.test.context.junit4.statements.RunAfterTestClassCallbacks.evaluate(RunAfterTestClassCallbacks.java:70)
	at org.junit.runners.ParentRunner.run(ParentRunner.java:363)
	at org.springframework.test.context.junit4.SpringJUnit4ClassRunner.run(SpringJUnit4ClassRunner.java:191)
	at org.junit.runner.JUnitCore.run(JUnitCore.java:137)
	at com.intellij.junit4.JUnit4IdeaTestRunner.startRunnerWithArgs(JUnit4IdeaTestRunner.java:68)
	at com.intellij.rt.execution.junit.IdeaTestRunner$Repeater.startRunnerWithArgs(IdeaTestRunner.java:47)
	at com.intellij.rt.execution.junit.JUnitStarter.prepareStreamsAndStart(JUnitStarter.java:242)
	at com.intellij.rt.execution.junit.JUnitStarter.main(JUnitStarter.java:70)
Caused by: com.alibaba.druid.sql.parser.ParserException: syntax error, error in :'E '%'黄主任'%' ) TOTAL', expect RPAREN, actual IDENTIFIER pos 223, line 5, column 40, token IDENTIFIER 黄主任
	at com.alibaba.druid.sql.parser.SQLParser.printError(SQLParser.java:284)
	at com.alibaba.druid.sql.parser.SQLParser.accept(SQLParser.java:292)
	at com.alibaba.druid.sql.dialect.mysql.parser.MySqlSelectParser.parseTableSource(MySqlSelectParser.java:229)
	at com.alibaba.druid.sql.dialect.mysql.parser.MySqlSelectParser.parseFrom(MySqlSelectParser.java:75)
	at com.alibaba.druid.sql.dialect.mysql.parser.MySqlSelectParser.query(MySqlSelectParser.java:174)
	at com.alibaba.druid.sql.parser.SQLSelectParser.select(SQLSelectParser.java:59)
	at com.alibaba.druid.sql.dialect.mysql.parser.MySqlStatementParser.parseSelect(MySqlStatementParser.java:114)
	at com.alibaba.druid.sql.parser.SQLStatementParser.parseStatementList(SQLStatementParser.java:147)
	at com.alibaba.druid.sql.parser.SQLStatementParser.parseStatementList(SQLStatementParser.java:81)
	at com.alibaba.druid.wall.WallProvider.checkInternal(WallProvider.java:624)
	at com.alibaba.druid.wall.WallProvider.check(WallProvider.java:578)
	at com.alibaba.druid.wall.WallFilter.checkInternal(WallFilter.java:785)
	... 63 common frames omitted
[2018-11-28 15:26:53] [ERROR] [com.alibaba.druid.wall.WallFilter:791] -- sql injection violation, syntax error: syntax error, error in :'E '%'黄主任'%'', expect IDENTIFIER, actual IDENTIFIER pos 200, line 5, column 43, token IDENTIFIER % : SELECT su1.*
        FROM sys_user su1 LEFT JOIN sys_user su2 ON su1.master_user_id = su2.id
        WHERE su1.status = 1 AND su1.user_type IN (1,2)
         
            AND su1.user_name LIKE '%'黄主任'%'
[2018-11-28 16:28:19] [ERROR] [org.springframework.test.context.TestContextManager:234] -- Caught exception while allowing TestExecutionListener [org.springframework.boot.test.autoconfigure.SpringBootDependencyInjectionTestExecutionListener@971d0d8] to prepare test instance [com.medhead.kf100.service.impl.SysUserServiceImplTest@57283fac]
org.springframework.beans.factory.UnsatisfiedDependencyException: Error creating bean with name 'com.medhead.kf100.service.impl.SysUserServiceImplTest': Unsatisfied dependency expressed through field 'sysUserService'; nested exception is org.springframework.beans.factory.BeanNotOfRequiredTypeException: Bean named 'sysUserServiceImpl' is expected to be of type 'com.medhead.kf100.service.impl.SysUserServiceImpl' but was actually of type 'com.sun.proxy.$Proxy132'
	at org.springframework.beans.factory.annotation.AutowiredAnnotationBeanPostProcessor$AutowiredFieldElement.inject(AutowiredAnnotationBeanPostProcessor.java:588)
	at org.springframework.beans.factory.annotation.InjectionMetadata.inject(InjectionMetadata.java:88)
	at org.springframework.beans.factory.annotation.AutowiredAnnotationBeanPostProcessor.postProcessPropertyValues(AutowiredAnnotationBeanPostProcessor.java:366)
	at org.springframework.beans.factory.support.AbstractAutowireCapableBeanFactory.populateBean(AbstractAutowireCapableBeanFactory.java:1272)
	at org.springframework.beans.factory.support.AbstractAutowireCapableBeanFactory.autowireBeanProperties(AbstractAutowireCapableBeanFactory.java:386)
	at org.springframework.test.context.support.DependencyInjectionTestExecutionListener.injectDependencies(DependencyInjectionTestExecutionListener.java:118)
	at org.springframework.test.context.support.DependencyInjectionTestExecutionListener.prepareTestInstance(DependencyInjectionTestExecutionListener.java:83)
	at org.springframework.boot.test.autoconfigure.SpringBootDependencyInjectionTestExecutionListener.prepareTestInstance(SpringBootDependencyInjectionTestExecutionListener.java:44)
	at org.springframework.test.context.TestContextManager.prepareTestInstance(TestContextManager.java:230)
	at org.springframework.test.context.junit4.SpringJUnit4ClassRunner.createTest(SpringJUnit4ClassRunner.java:228)
	at org.springframework.test.context.junit4.SpringJUnit4ClassRunner$1.runReflectiveCall(SpringJUnit4ClassRunner.java:287)
	at org.junit.internal.runners.model.ReflectiveCallable.run(ReflectiveCallable.java:12)
	at org.springframework.test.context.junit4.SpringJUnit4ClassRunner.methodBlock(SpringJUnit4ClassRunner.java:289)
	at org.springframework.test.context.junit4.SpringJUnit4ClassRunner.runChild(SpringJUnit4ClassRunner.java:247)
	at org.springframework.test.context.junit4.SpringJUnit4ClassRunner.runChild(SpringJUnit4ClassRunner.java:94)
	at org.junit.runners.ParentRunner$3.run(ParentRunner.java:290)
	at org.junit.runners.ParentRunner$1.schedule(ParentRunner.java:71)
	at org.junit.runners.ParentRunner.runChildren(ParentRunner.java:288)
	at org.junit.runners.ParentRunner.access$000(ParentRunner.java:58)
	at org.junit.runners.ParentRunner$2.evaluate(ParentRunner.java:268)
	at org.springframework.test.context.junit4.statements.RunBeforeTestClassCallbacks.evaluate(RunBeforeTestClassCallbacks.java:61)
	at org.springframework.test.context.junit4.statements.RunAfterTestClassCallbacks.evaluate(RunAfterTestClassCallbacks.java:70)
	at org.junit.runners.ParentRunner.run(ParentRunner.java:363)
	at org.springframework.test.context.junit4.SpringJUnit4ClassRunner.run(SpringJUnit4ClassRunner.java:191)
	at org.junit.runner.JUnitCore.run(JUnitCore.java:137)
	at com.intellij.junit4.JUnit4IdeaTestRunner.startRunnerWithArgs(JUnit4IdeaTestRunner.java:68)
	at com.intellij.rt.execution.junit.IdeaTestRunner$Repeater.startRunnerWithArgs(IdeaTestRunner.java:47)
	at com.intellij.rt.execution.junit.JUnitStarter.prepareStreamsAndStart(JUnitStarter.java:242)
	at com.intellij.rt.execution.junit.JUnitStarter.main(JUnitStarter.java:70)
Caused by: org.springframework.beans.factory.BeanNotOfRequiredTypeException: Bean named 'sysUserServiceImpl' is expected to be of type 'com.medhead.kf100.service.impl.SysUserServiceImpl' but was actually of type 'com.sun.proxy.$Proxy132'
	at org.springframework.beans.factory.support.DefaultListableBeanFactory.checkBeanNotOfRequiredType(DefaultListableBeanFactory.java:1510)
	at org.springframework.beans.factory.support.DefaultListableBeanFactory.raiseNoMatchingBeanFound(DefaultListableBeanFactory.java:1489)
	at org.springframework.beans.factory.support.DefaultListableBeanFactory.doResolveDependency(DefaultListableBeanFactory.java:1104)
	at org.springframework.beans.factory.support.DefaultListableBeanFactory.resolveDependency(DefaultListableBeanFactory.java:1066)
	at org.springframework.beans.factory.annotation.AutowiredAnnotationBeanPostProcessor$AutowiredFieldElement.inject(AutowiredAnnotationBeanPostProcessor.java:585)
	... 28 common frames omitted
